mode: set
github.com/stefanbethge/gseq-table/etl/control.go:14.80,15.11 1 1
github.com/stefanbethge/gseq-table/etl/control.go:15.11,17.3 1 1
github.com/stefanbethge/gseq-table/etl/control.go:18.2,18.19 1 1
github.com/stefanbethge/gseq-table/etl/control.go:22.105,23.11 1 1
github.com/stefanbethge/gseq-table/etl/control.go:23.11,25.3 1 1
github.com/stefanbethge/gseq-table/etl/control.go:26.2,26.22 1 1
github.com/stefanbethge/gseq-table/etl/control.go:35.62,36.16 1 1
github.com/stefanbethge/gseq-table/etl/control.go:36.16,38.3 1 1
github.com/stefanbethge/gseq-table/etl/control.go:39.2,39.95 1 1
github.com/stefanbethge/gseq-table/etl/control.go:50.73,51.16 1 1
github.com/stefanbethge/gseq-table/etl/control.go:51.16,53.3 1 1
github.com/stefanbethge/gseq-table/etl/control.go:54.2,55.16 2 1
github.com/stefanbethge/gseq-table/etl/control.go:55.16,57.3 1 1
github.com/stefanbethge/gseq-table/etl/control.go:58.2,58.88 1 1
github.com/stefanbethge/gseq-table/etl/control.go:65.57,67.2 1 1
github.com/stefanbethge/gseq-table/etl/error_log.go:37.30,37.52 1 1
github.com/stefanbethge/gseq-table/etl/error_log.go:39.38,43.2 3 1
github.com/stefanbethge/gseq-table/etl/error_log.go:46.43,52.2 5 1
github.com/stefanbethge/gseq-table/etl/error_log.go:55.37,59.2 3 1
github.com/stefanbethge/gseq-table/etl/error_log.go:62.30,66.2 3 0
github.com/stefanbethge/gseq-table/etl/error_log.go:79.42,87.23 6 1
github.com/stefanbethge/gseq-table/etl/error_log.go:87.23,89.3 1 0
github.com/stefanbethge/gseq-table/etl/error_log.go:92.2,94.28 3 1
github.com/stefanbethge/gseq-table/etl/error_log.go:94.28,95.32 1 1
github.com/stefanbethge/gseq-table/etl/error_log.go:95.32,96.16 1 1
github.com/stefanbethge/gseq-table/etl/error_log.go:96.16,99.5 2 1
github.com/stefanbethge/gseq-table/etl/error_log.go:102.2,106.28 4 1
github.com/stefanbethge/gseq-table/etl/error_log.go:106.28,112.33 6 1
github.com/stefanbethge/gseq-table/etl/error_log.go:112.33,114.4 1 1
github.com/stefanbethge/gseq-table/etl/error_log.go:115.3,115.19 1 1
github.com/stefanbethge/gseq-table/etl/error_log.go:117.2,117.36 1 1
github.com/stefanbethge/gseq-table/etl/lax.go:12.118,14.13 2 1
github.com/stefanbethge/gseq-table/etl/lax.go:14.13,16.3 1 1
github.com/stefanbethge/gseq-table/etl/lax.go:18.2,20.29 3 1
github.com/stefanbethge/gseq-table/etl/lax.go:20.29,23.22 3 1
github.com/stefanbethge/gseq-table/etl/lax.go:23.22,25.18 2 1
github.com/stefanbethge/gseq-table/etl/lax.go:25.18,33.13 2 1
github.com/stefanbethge/gseq-table/etl/lax.go:35.4,35.22 1 1
github.com/stefanbethge/gseq-table/etl/lax.go:37.3,37.59 1 1
github.com/stefanbethge/gseq-table/etl/lax.go:39.2,40.33 2 1
github.com/stefanbethge/gseq-table/etl/lax.go:45.124,48.29 3 1
github.com/stefanbethge/gseq-table/etl/lax.go:48.29,50.17 2 1
github.com/stefanbethge/gseq-table/etl/lax.go:50.17,58.12 2 1
github.com/stefanbethge/gseq-table/etl/lax.go:60.3,62.31 3 1
github.com/stefanbethge/gseq-table/etl/lax.go:62.31,63.53 1 1
github.com/stefanbethge/gseq-table/etl/lax.go:63.53,65.5 1 1
github.com/stefanbethge/gseq-table/etl/lax.go:67.3,67.59 1 1
github.com/stefanbethge/gseq-table/etl/lax.go:69.2,70.31 2 1
github.com/stefanbethge/gseq-table/etl/merge.go:21.54,22.25 1 1
github.com/stefanbethge/gseq-table/etl/merge.go:22.25,24.3 1 1
github.com/stefanbethge/gseq-table/etl/merge.go:25.2,26.30 2 1
github.com/stefanbethge/gseq-table/etl/merge.go:26.30,27.18 1 1
github.com/stefanbethge/gseq-table/etl/merge.go:27.18,29.4 1 1
github.com/stefanbethge/gseq-table/etl/merge.go:30.3,30.40 1 1
github.com/stefanbethge/gseq-table/etl/merge.go:32.2,32.38 1 1
github.com/stefanbethge/gseq-table/etl/merge.go:37.55,39.2 1 1
github.com/stefanbethge/gseq-table/etl/merge.go:51.75,53.17 2 1
github.com/stefanbethge/gseq-table/etl/merge.go:53.17,54.22 1 1
github.com/stefanbethge/gseq-table/etl/merge.go:54.22,56.4 1 1
github.com/stefanbethge/gseq-table/etl/merge.go:57.3,57.13 1 1
github.com/stefanbethge/gseq-table/etl/merge.go:59.2,61.25 3 1
github.com/stefanbethge/gseq-table/etl/merge.go:61.25,64.13 3 1
github.com/stefanbethge/gseq-table/etl/merge.go:64.13,67.4 2 1
github.com/stefanbethge/gseq-table/etl/merge.go:69.2,70.12 2 1
github.com/stefanbethge/gseq-table/etl/mutable_ops.go:31.49,32.57 1 0
github.com/stefanbethge/gseq-table/etl/mutable_ops.go:32.57,33.26 1 0
github.com/stefanbethge/gseq-table/etl/mutable_ops.go:33.26,35.4 1 0
github.com/stefanbethge/gseq-table/etl/mutable_ops.go:36.3,36.11 1 0
github.com/stefanbethge/gseq-table/etl/mutable_ops.go:40.54,41.57 1 0
github.com/stefanbethge/gseq-table/etl/mutable_ops.go:41.57,41.85 1 0
github.com/stefanbethge/gseq-table/etl/mutable_ops.go:44.62,45.57 1 0
github.com/stefanbethge/gseq-table/etl/mutable_ops.go:45.57,45.79 1 0
github.com/stefanbethge/gseq-table/etl/mutable_ops.go:48.71,49.57 1 0
github.com/stefanbethge/gseq-table/etl/mutable_ops.go:49.57,49.82 1 0
github.com/stefanbethge/gseq-table/etl/mutable_ops.go:52.58,53.57 1 0
github.com/stefanbethge/gseq-table/etl/mutable_ops.go:53.57,53.89 1 0
github.com/stefanbethge/gseq-table/etl/mutable_ops.go:56.78,57.57 1 0
github.com/stefanbethge/gseq-table/etl/mutable_ops.go:57.57,57.86 1 0
github.com/stefanbethge/gseq-table/etl/mutable_ops.go:60.84,61.57 1 0
github.com/stefanbethge/gseq-table/etl/mutable_ops.go:61.57,61.91 1 0
github.com/stefanbethge/gseq-table/etl/mutable_ops.go:64.80,65.57 1 0
github.com/stefanbethge/gseq-table/etl/mutable_ops.go:65.57,65.89 1 0
github.com/stefanbethge/gseq-table/etl/mutable_ops.go:68.52,69.57 1 0
github.com/stefanbethge/gseq-table/etl/mutable_ops.go:69.57,69.83 1 0
github.com/stefanbethge/gseq-table/etl/mutable_ops.go:72.57,73.57 1 0
github.com/stefanbethge/gseq-table/etl/mutable_ops.go:73.57,73.88 1 0
github.com/stefanbethge/gseq-table/etl/mutable_ops.go:76.55,77.57 1 0
github.com/stefanbethge/gseq-table/etl/mutable_ops.go:77.57,77.86 1 0
github.com/stefanbethge/gseq-table/etl/mutable_ops.go:80.69,81.57 1 0
github.com/stefanbethge/gseq-table/etl/mutable_ops.go:81.57,81.89 1 0
github.com/stefanbethge/gseq-table/etl/mutable_ops.go:84.58,85.57 1 0
github.com/stefanbethge/gseq-table/etl/mutable_ops.go:85.57,85.84 1 0
github.com/stefanbethge/gseq-table/etl/mutable_ops.go:88.64,89.57 1 0
github.com/stefanbethge/gseq-table/etl/mutable_ops.go:89.57,89.88 1 0
github.com/stefanbethge/gseq-table/etl/mutable_ops.go:92.43,93.57 1 0
github.com/stefanbethge/gseq-table/etl/mutable_ops.go:93.57,93.77 1 0
github.com/stefanbethge/gseq-table/etl/mutable_ops.go:96.43,97.57 1 0
github.com/stefanbethge/gseq-table/etl/mutable_ops.go:97.57,97.77 1 0
github.com/stefanbethge/gseq-table/etl/mutable_ops.go:100.56,101.57 1 0
github.com/stefanbethge/gseq-table/etl/mutable_ops.go:101.57,101.87 1 0
github.com/stefanbethge/gseq-table/etl/mutable_ops.go:104.107,105.57 1 0
github.com/stefanbethge/gseq-table/etl/mutable_ops.go:105.57,105.102 1 0
github.com/stefanbethge/gseq-table/etl/mutable_ops.go:108.79,109.57 1 0
github.com/stefanbethge/gseq-table/etl/mutable_ops.go:109.57,109.83 1 0
github.com/stefanbethge/gseq-table/etl/mutable_ops.go:112.87,113.57 1 0
github.com/stefanbethge/gseq-table/etl/mutable_ops.go:113.57,113.91 1 0
github.com/stefanbethge/gseq-table/etl/mutable_ops.go:116.56,117.57 1 0
github.com/stefanbethge/gseq-table/etl/mutable_ops.go:117.57,117.87 1 0
github.com/stefanbethge/gseq-table/etl/mutable_ops.go:120.56,121.57 1 0
github.com/stefanbethge/gseq-table/etl/mutable_ops.go:121.57,121.87 1 0
github.com/stefanbethge/gseq-table/etl/mutable_ops.go:124.43,125.57 1 0
github.com/stefanbethge/gseq-table/etl/mutable_ops.go:125.57,125.81 1 0
github.com/stefanbethge/gseq-table/etl/mutable_ops.go:128.55,129.57 1 0
github.com/stefanbethge/gseq-table/etl/mutable_ops.go:129.57,129.86 1 0
github.com/stefanbethge/gseq-table/etl/mutable_ops.go:132.56,133.57 1 0
github.com/stefanbethge/gseq-table/etl/mutable_ops.go:133.57,133.87 1 0
github.com/stefanbethge/gseq-table/etl/mutable_ops.go:136.45,137.57 1 0
github.com/stefanbethge/gseq-table/etl/mutable_ops.go:137.57,137.79 1 0
github.com/stefanbethge/gseq-table/etl/mutable_ops.go:140.53,141.57 1 0
github.com/stefanbethge/gseq-table/etl/mutable_ops.go:141.57,141.83 1 0
github.com/stefanbethge/gseq-table/etl/mutable_ops.go:144.69,145.57 1 0
github.com/stefanbethge/gseq-table/etl/mutable_ops.go:145.57,145.93 1 0
github.com/stefanbethge/gseq-table/etl/mutable_ops.go:148.106,149.57 1 0
github.com/stefanbethge/gseq-table/etl/mutable_ops.go:149.57,151.3 1 0
github.com/stefanbethge/gseq-table/etl/mutable_ops.go:154.68,155.57 1 0
github.com/stefanbethge/gseq-table/etl/mutable_ops.go:155.57,155.95 1 0
github.com/stefanbethge/gseq-table/etl/mutable_ops.go:158.76,159.57 1 0
github.com/stefanbethge/gseq-table/etl/mutable_ops.go:159.57,159.95 1 0
github.com/stefanbethge/gseq-table/etl/mutable_ops.go:162.74,163.57 1 0
github.com/stefanbethge/gseq-table/etl/mutable_ops.go:163.57,163.90 1 0
github.com/stefanbethge/gseq-table/etl/mutable_ops.go:166.81,167.57 1 0
github.com/stefanbethge/gseq-table/etl/mutable_ops.go:167.57,167.100 1 0
github.com/stefanbethge/gseq-table/etl/mutable_ops.go:170.85,171.57 1 0
github.com/stefanbethge/gseq-table/etl/mutable_ops.go:171.57,171.104 1 0
github.com/stefanbethge/gseq-table/etl/mutable_ops.go:174.86,175.57 1 0
github.com/stefanbethge/gseq-table/etl/mutable_ops.go:175.57,175.105 1 0
github.com/stefanbethge/gseq-table/etl/mutable_ops.go:178.86,179.57 1 0
github.com/stefanbethge/gseq-table/etl/mutable_ops.go:179.57,179.105 1 0
github.com/stefanbethge/gseq-table/etl/mutable_ops.go:182.85,183.57 1 0
github.com/stefanbethge/gseq-table/etl/mutable_ops.go:183.57,183.104 1 0
github.com/stefanbethge/gseq-table/etl/mutable_ops.go:186.55,187.57 1 0
github.com/stefanbethge/gseq-table/etl/mutable_ops.go:187.57,187.86 1 0
github.com/stefanbethge/gseq-table/etl/mutable_ops.go:190.78,191.57 1 0
github.com/stefanbethge/gseq-table/etl/mutable_ops.go:191.57,191.100 1 0
github.com/stefanbethge/gseq-table/etl/mutable_ops.go:194.61,195.57 1 0
github.com/stefanbethge/gseq-table/etl/mutable_ops.go:195.57,195.92 1 0
github.com/stefanbethge/gseq-table/etl/mutable_ops.go:198.57,199.57 1 0
github.com/stefanbethge/gseq-table/etl/mutable_ops.go:199.57,199.83 1 0
github.com/stefanbethge/gseq-table/etl/mutable_ops.go:202.72,203.57 1 0
github.com/stefanbethge/gseq-table/etl/mutable_ops.go:203.57,203.90 1 0
github.com/stefanbethge/gseq-table/etl/mutable_pipeline.go:39.57,41.2 1 1
github.com/stefanbethge/gseq-table/etl/mutable_pipeline.go:47.63,52.2 1 1
github.com/stefanbethge/gseq-table/etl/mutable_pipeline.go:56.122,61.2 1 1
github.com/stefanbethge/gseq-table/etl/mutable_pipeline.go:66.76,67.11 1 1
github.com/stefanbethge/gseq-table/etl/mutable_pipeline.go:67.11,69.3 1 1
github.com/stefanbethge/gseq-table/etl/mutable_pipeline.go:70.2,70.19 1 1
github.com/stefanbethge/gseq-table/etl/mutable_pipeline.go:74.135,75.11 1 0
github.com/stefanbethge/gseq-table/etl/mutable_pipeline.go:75.11,77.3 1 0
github.com/stefanbethge/gseq-table/etl/mutable_pipeline.go:78.2,78.22 1 0
github.com/stefanbethge/gseq-table/etl/mutable_pipeline.go:85.84,86.16 1 1
github.com/stefanbethge/gseq-table/etl/mutable_pipeline.go:86.16,88.3 1 0
github.com/stefanbethge/gseq-table/etl/mutable_pipeline.go:89.2,89.92 1 1
github.com/stefanbethge/gseq-table/etl/mutable_pipeline.go:94.95,95.16 1 0
github.com/stefanbethge/gseq-table/etl/mutable_pipeline.go:95.16,97.3 1 0
github.com/stefanbethge/gseq-table/etl/mutable_pipeline.go:98.2,99.16 2 0
github.com/stefanbethge/gseq-table/etl/mutable_pipeline.go:99.16,101.3 1 0
github.com/stefanbethge/gseq-table/etl/mutable_pipeline.go:102.2,102.85 1 0
github.com/stefanbethge/gseq-table/etl/mutable_pipeline.go:106.71,108.2 1 1
github.com/stefanbethge/gseq-table/etl/mutable_pipeline.go:114.77,115.64 1 1
github.com/stefanbethge/gseq-table/etl/mutable_pipeline.go:115.64,118.3 2 1
github.com/stefanbethge/gseq-table/etl/mutable_pipeline.go:125.56,128.2 2 1
github.com/stefanbethge/gseq-table/etl/mutable_pipeline.go:132.76,133.35 1 1
github.com/stefanbethge/gseq-table/etl/mutable_pipeline.go:133.35,135.3 1 0
github.com/stefanbethge/gseq-table/etl/mutable_pipeline.go:136.2,147.87 7 1
github.com/stefanbethge/gseq-table/etl/mutable_pipeline.go:152.47,153.20 1 1
github.com/stefanbethge/gseq-table/etl/mutable_pipeline.go:153.20,155.3 1 0
github.com/stefanbethge/gseq-table/etl/mutable_pipeline.go:156.2,156.17 1 1
github.com/stefanbethge/gseq-table/etl/mutable_pipeline.go:164.94,165.64 1 0
github.com/stefanbethge/gseq-table/etl/mutable_pipeline.go:165.64,167.3 1 0
github.com/stefanbethge/gseq-table/etl/mutable_pipeline.go:173.66,174.17 1 0
github.com/stefanbethge/gseq-table/etl/mutable_pipeline.go:174.17,176.3 1 0
github.com/stefanbethge/gseq-table/etl/mutable_pipeline.go:177.2,179.27 3 0
github.com/stefanbethge/gseq-table/etl/mutable_pipeline.go:179.27,181.3 1 0
github.com/stefanbethge/gseq-table/etl/mutable_pipeline.go:182.2,182.12 1 0
github.com/stefanbethge/gseq-table/etl/mutable_pipeline.go:187.86,188.17 1 0
github.com/stefanbethge/gseq-table/etl/mutable_pipeline.go:188.17,191.3 2 0
github.com/stefanbethge/gseq-table/etl/mutable_pipeline.go:192.2,193.25 2 0
github.com/stefanbethge/gseq-table/etl/mutable_pipeline.go:198.50,199.17 1 0
github.com/stefanbethge/gseq-table/etl/mutable_pipeline.go:199.17,201.3 1 0
github.com/stefanbethge/gseq-table/etl/mutable_pipeline.go:202.2,204.27 3 0
github.com/stefanbethge/gseq-table/etl/mutable_pipeline.go:204.27,206.3 1 0
github.com/stefanbethge/gseq-table/etl/mutable_pipeline.go:207.2,207.12 1 0
github.com/stefanbethge/gseq-table/etl/mutable_pipeline.go:213.105,215.17 2 0
github.com/stefanbethge/gseq-table/etl/mutable_pipeline.go:215.17,216.22 1 0
github.com/stefanbethge/gseq-table/etl/mutable_pipeline.go:216.22,218.4 1 0
github.com/stefanbethge/gseq-table/etl/mutable_pipeline.go:219.3,219.13 1 0
github.com/stefanbethge/gseq-table/etl/mutable_pipeline.go:221.2,223.25 3 0
github.com/stefanbethge/gseq-table/etl/mutable_pipeline.go:223.25,226.13 3 0
github.com/stefanbethge/gseq-table/etl/mutable_pipeline.go:226.13,230.4 3 0
github.com/stefanbethge/gseq-table/etl/mutable_pipeline.go:232.2,233.12 2 0
github.com/stefanbethge/gseq-table/etl/mutable_pipeline.go:243.44,244.63 1 1
github.com/stefanbethge/gseq-table/etl/mutable_pipeline.go:244.63,246.3 1 1
github.com/stefanbethge/gseq-table/etl/mutable_pipeline.go:247.2,247.39 1 1
github.com/stefanbethge/gseq-table/etl/mutable_pipeline.go:253.77,255.2 1 1
github.com/stefanbethge/gseq-table/etl/mutable_pipeline.go:258.55,260.2 1 1
github.com/stefanbethge/gseq-table/etl/mutable_pipeline.go:263.38,263.59 1 1
github.com/stefanbethge/gseq-table/etl/mutable_pipeline.go:266.39,266.61 1 1
github.com/stefanbethge/gseq-table/etl/ops.go:25.42,26.41 1 0
github.com/stefanbethge/gseq-table/etl/ops.go:26.41,27.26 1 0
github.com/stefanbethge/gseq-table/etl/ops.go:27.26,29.4 1 0
github.com/stefanbethge/gseq-table/etl/ops.go:30.3,30.11 1 0
github.com/stefanbethge/gseq-table/etl/ops.go:35.39,36.41 1 0
github.com/stefanbethge/gseq-table/etl/ops.go:36.41,36.69 1 0
github.com/stefanbethge/gseq-table/etl/ops.go:40.47,41.41 1 0
github.com/stefanbethge/gseq-table/etl/ops.go:41.41,41.63 1 0
github.com/stefanbethge/gseq-table/etl/ops.go:45.56,46.41 1 0
github.com/stefanbethge/gseq-table/etl/ops.go:46.41,46.66 1 0
github.com/stefanbethge/gseq-table/etl/ops.go:50.63,51.41 1 0
github.com/stefanbethge/gseq-table/etl/ops.go:51.41,51.70 1 0
github.com/stefanbethge/gseq-table/etl/ops.go:55.69,56.41 1 0
github.com/stefanbethge/gseq-table/etl/ops.go:56.41,56.75 1 0
github.com/stefanbethge/gseq-table/etl/ops.go:60.65,61.41 1 0
github.com/stefanbethge/gseq-table/etl/ops.go:61.41,61.73 1 0
github.com/stefanbethge/gseq-table/etl/ops.go:65.40,66.41 1 0
github.com/stefanbethge/gseq-table/etl/ops.go:66.41,66.70 1 0
github.com/stefanbethge/gseq-table/etl/ops.go:70.54,71.41 1 0
github.com/stefanbethge/gseq-table/etl/ops.go:71.41,71.73 1 0
github.com/stefanbethge/gseq-table/etl/ops.go:75.37,76.41 1 0
github.com/stefanbethge/gseq-table/etl/ops.go:76.41,76.67 1 0
github.com/stefanbethge/gseq-table/etl/ops.go:80.42,81.41 1 0
github.com/stefanbethge/gseq-table/etl/ops.go:81.41,81.72 1 0
github.com/stefanbethge/gseq-table/etl/ops.go:85.43,86.41 1 0
github.com/stefanbethge/gseq-table/etl/ops.go:86.41,86.73 1 0
github.com/stefanbethge/gseq-table/etl/ops.go:90.40,91.41 1 0
github.com/stefanbethge/gseq-table/etl/ops.go:91.41,91.70 1 0
github.com/stefanbethge/gseq-table/etl/ops.go:95.41,96.41 1 0
github.com/stefanbethge/gseq-table/etl/ops.go:96.41,96.71 1 0
github.com/stefanbethge/gseq-table/etl/ops.go:100.43,101.41 1 0
github.com/stefanbethge/gseq-table/etl/ops.go:101.41,101.68 1 0
github.com/stefanbethge/gseq-table/etl/ops.go:105.49,106.41 1 0
github.com/stefanbethge/gseq-table/etl/ops.go:106.41,106.72 1 0
github.com/stefanbethge/gseq-table/etl/ops.go:110.41,111.41 1 0
github.com/stefanbethge/gseq-table/etl/ops.go:111.41,111.71 1 0
github.com/stefanbethge/gseq-table/etl/ops.go:115.28,116.41 1 0
github.com/stefanbethge/gseq-table/etl/ops.go:116.41,116.61 1 0
github.com/stefanbethge/gseq-table/etl/ops.go:120.28,121.41 1 0
github.com/stefanbethge/gseq-table/etl/ops.go:121.41,121.61 1 0
github.com/stefanbethge/gseq-table/etl/ops.go:125.30,126.41 1 0
github.com/stefanbethge/gseq-table/etl/ops.go:126.41,126.63 1 0
github.com/stefanbethge/gseq-table/etl/ops.go:130.38,131.41 1 0
github.com/stefanbethge/gseq-table/etl/ops.go:131.41,131.67 1 0
github.com/stefanbethge/gseq-table/etl/ops.go:135.42,136.41 1 0
github.com/stefanbethge/gseq-table/etl/ops.go:136.41,136.67 1 0
github.com/stefanbethge/gseq-table/etl/ops.go:140.66,141.41 1 0
github.com/stefanbethge/gseq-table/etl/ops.go:141.41,141.84 1 0
github.com/stefanbethge/gseq-table/etl/ops.go:145.70,146.41 1 0
github.com/stefanbethge/gseq-table/etl/ops.go:146.41,146.88 1 0
github.com/stefanbethge/gseq-table/etl/ops.go:150.61,151.41 1 0
github.com/stefanbethge/gseq-table/etl/ops.go:151.41,151.79 1 0
github.com/stefanbethge/gseq-table/etl/ops.go:155.41,156.41 1 0
github.com/stefanbethge/gseq-table/etl/ops.go:156.41,156.71 1 0
github.com/stefanbethge/gseq-table/etl/ops.go:160.41,161.41 1 0
github.com/stefanbethge/gseq-table/etl/ops.go:161.41,161.71 1 0
github.com/stefanbethge/gseq-table/etl/ops.go:165.28,166.41 1 0
github.com/stefanbethge/gseq-table/etl/ops.go:166.41,166.65 1 0
github.com/stefanbethge/gseq-table/etl/ops.go:170.40,171.41 1 0
github.com/stefanbethge/gseq-table/etl/ops.go:171.41,171.70 1 0
github.com/stefanbethge/gseq-table/etl/ops.go:175.63,176.41 1 0
github.com/stefanbethge/gseq-table/etl/ops.go:176.41,176.84 1 0
github.com/stefanbethge/gseq-table/etl/ops.go:180.46,181.41 1 0
github.com/stefanbethge/gseq-table/etl/ops.go:181.41,181.76 1 0
github.com/stefanbethge/gseq-table/etl/ops.go:185.92,186.41 1 0
github.com/stefanbethge/gseq-table/etl/ops.go:186.41,186.86 1 0
github.com/stefanbethge/gseq-table/etl/ops.go:190.68,191.41 1 0
github.com/stefanbethge/gseq-table/etl/ops.go:191.41,191.67 1 0
github.com/stefanbethge/gseq-table/etl/ops.go:195.68,196.41 1 0
github.com/stefanbethge/gseq-table/etl/ops.go:196.41,196.81 1 0
github.com/stefanbethge/gseq-table/etl/ops.go:200.67,201.41 1 0
github.com/stefanbethge/gseq-table/etl/ops.go:201.41,201.83 1 0
github.com/stefanbethge/gseq-table/etl/ops.go:205.54,206.41 1 0
github.com/stefanbethge/gseq-table/etl/ops.go:206.41,206.77 1 0
github.com/stefanbethge/gseq-table/etl/ops.go:210.91,211.41 1 0
github.com/stefanbethge/gseq-table/etl/ops.go:211.41,211.102 1 0
github.com/stefanbethge/gseq-table/etl/ops.go:215.53,216.41 1 0
github.com/stefanbethge/gseq-table/etl/ops.go:216.41,216.79 1 0
github.com/stefanbethge/gseq-table/etl/ops.go:220.59,221.41 1 0
github.com/stefanbethge/gseq-table/etl/ops.go:221.41,221.74 1 0
github.com/stefanbethge/gseq-table/etl/pipeline.go:92.38,94.2 1 1
github.com/stefanbethge/gseq-table/etl/pipeline.go:97.63,99.2 1 1
github.com/stefanbethge/gseq-table/etl/pipeline.go:107.56,109.2 1 1
github.com/stefanbethge/gseq-table/etl/pipeline.go:117.67,119.2 1 1
github.com/stefanbethge/gseq-table/etl/pipeline.go:128.92,130.2 1 1
github.com/stefanbethge/gseq-table/etl/pipeline.go:144.80,145.21 1 1
github.com/stefanbethge/gseq-table/etl/pipeline.go:145.21,147.74 2 1
github.com/stefanbethge/gseq-table/etl/pipeline.go:147.74,149.18 2 1
github.com/stefanbethge/gseq-table/etl/pipeline.go:149.18,151.5 1 1
github.com/stefanbethge/gseq-table/etl/pipeline.go:152.4,152.45 1 1
github.com/stefanbethge/gseq-table/etl/pipeline.go:155.2,155.73 1 1
github.com/stefanbethge/gseq-table/etl/pipeline.go:155.73,157.3 1 1
github.com/stefanbethge/gseq-table/etl/pipeline.go:164.88,165.21 1 1
github.com/stefanbethge/gseq-table/etl/pipeline.go:165.21,167.49 2 1
github.com/stefanbethge/gseq-table/etl/pipeline.go:167.49,169.4 1 1
github.com/stefanbethge/gseq-table/etl/pipeline.go:171.2,171.73 1 0
github.com/stefanbethge/gseq-table/etl/pipeline.go:171.73,173.3 1 0
github.com/stefanbethge/gseq-table/etl/pipeline.go:180.57,182.2 1 0
github.com/stefanbethge/gseq-table/etl/pipeline.go:186.63,188.2 1 0
github.com/stefanbethge/gseq-table/etl/pipeline.go:194.58,195.73 1 1
github.com/stefanbethge/gseq-table/etl/pipeline.go:195.73,196.50 1 1
github.com/stefanbethge/gseq-table/etl/pipeline.go:196.50,198.4 1 1
github.com/stefanbethge/gseq-table/etl/pipeline.go:199.3,199.42 1 1
github.com/stefanbethge/gseq-table/etl/pipeline.go:205.58,206.73 1 1
github.com/stefanbethge/gseq-table/etl/pipeline.go:206.73,207.50 1 1
github.com/stefanbethge/gseq-table/etl/pipeline.go:207.50,209.4 1 1
github.com/stefanbethge/gseq-table/etl/pipeline.go:210.3,210.42 1 1
github.com/stefanbethge/gseq-table/etl/pipeline.go:220.55,221.48 1 1
github.com/stefanbethge/gseq-table/etl/pipeline.go:221.48,224.3 2 1
github.com/stefanbethge/gseq-table/etl/pipeline.go:230.62,232.2 1 1
github.com/stefanbethge/gseq-table/etl/pipeline.go:235.40,237.2 1 1
github.com/stefanbethge/gseq-table/etl/pipeline.go:240.31,242.2 1 1
github.com/stefanbethge/gseq-table/etl/pipeline.go:245.32,247.2 1 1
github.com/stefanbethge/gseq-table/etl/pipeline.go:256.59,257.17 1 1
github.com/stefanbethge/gseq-table/etl/pipeline.go:257.17,259.3 1 1
github.com/stefanbethge/gseq-table/etl/pipeline.go:260.2,262.27 3 1
github.com/stefanbethge/gseq-table/etl/pipeline.go:262.27,264.3 1 1
github.com/stefanbethge/gseq-table/etl/pipeline.go:265.2,265.12 1 1
github.com/stefanbethge/gseq-table/etl/pipeline.go:270.79,271.17 1 0
github.com/stefanbethge/gseq-table/etl/pipeline.go:271.17,273.3 1 0
github.com/stefanbethge/gseq-table/etl/pipeline.go:274.2,277.15 4 0
github.com/stefanbethge/gseq-table/etl/pipeline.go:282.43,283.17 1 0
github.com/stefanbethge/gseq-table/etl/pipeline.go:283.17,285.3 1 0
github.com/stefanbethge/gseq-table/etl/pipeline.go:286.2,288.27 3 0
github.com/stefanbethge/gseq-table/etl/pipeline.go:288.27,290.3 1 0
github.com/stefanbethge/gseq-table/etl/pipeline.go:291.2,291.12 1 0
github.com/stefanbethge/gseq-table/etl/tracing.go:30.42,33.2 2 1
github.com/stefanbethge/gseq-table/etl/tracing.go:40.80,41.35 1 1
github.com/stefanbethge/gseq-table/etl/tracing.go:41.35,43.3 1 1
github.com/stefanbethge/gseq-table/etl/tracing.go:44.2,55.90 7 1
github.com/stefanbethge/gseq-table/etl/tracing.go:60.40,61.20 1 1
github.com/stefanbethge/gseq-table/etl/tracing.go:61.20,63.3 1 1
github.com/stefanbethge/gseq-table/etl/tracing.go:64.2,64.17 1 1
github.com/stefanbethge/gseq-table/etl/transform.go:21.70,23.2 1 1
github.com/stefanbethge/gseq-table/etl/transform.go:27.47,28.35 1 1
github.com/stefanbethge/gseq-table/etl/transform.go:28.35,30.3 1 1
github.com/stefanbethge/gseq-table/etl/transform.go:31.2,33.18 3 1
github.com/stefanbethge/gseq-table/etl/transform.go:33.18,39.3 1 1
github.com/stefanbethge/gseq-table/etl/transform.go:40.2,40.12 1 1
